<?xml version="1.0" encoding="UTF-8"?>
<!-- Generated by org.testng.reporters.JUnitReportReporter -->
<testsuite hostname="DESKTOP-RG878RI" failures="0" tests="4" name="MyClass" time="0.039" errors="0" timestamp="2023-03-01T19:58:47 EET" skipped="0">
  <testcase classname="MyClass" name="testThree" time="0.012"/>
  <system-out/>
  <testcase classname="MyClass" name="testTwo" time="0.003"/>
  <system-out/>
  <testcase classname="MyClass" name="testOne" time="0.008"/>
  <system-out/>
  <testcase classname="MyClass" name="testFour" time="0.016"/>
  <system-out/>
</testsuite> <!-- MyClass -->
